load  idea-auto-repl.txt
load  "idea-auto-repl.txt"
1+1
2+1
3+1
load  "idea-auto-repl.txt"
result
load  "idea-auto-repl.txt"
execute_all_in "repl2.log"
load  "replayer.rb"
execute_all_in "repl2.log"
load  "replayer.rb"
Replayer.execute_all_in "repl2.log"
load  "replayer.rb"
Replayer.execute_all_in "repl2.log"
rspec init
g s
"aaa aa \n".trim
"aaa aa \n".strip
2+1
1+a
NameError
source NameError
NameError.new
NameError.new "a"
[].class
{}.class
{}.key? ""
{a: 2}.key? :a
{a: 2}.hash
{a: 2}.values
{a: 2, b: nil}.flat
{a: 2, b: nil}
{a: 2, b: nil}.flat_map
{a: 2, b: nil}.flatten
